{"/Users/privat/Documents/frontend-challenge/frontend-challenge/eslint.config.js": {"path":"/Users/privat/Documents/frontend-challenge/frontend-challenge/eslint.config.js","all":true,"statementMap":{"0":{"start":{"line":1,"column":0},"end":{"line":1,"column":27}},"1":{"start":{"line":2,"column":0},"end":{"line":2,"column":29}},"2":{"start":{"line":3,"column":0},"end":{"line":3,"column":50}},"3":{"start":{"line":4,"column":0},"end":{"line":4,"column":54}},"4":{"start":{"line":5,"column":0},"end":{"line":5,"column":40}},"5":{"start":{"line":6,"column":0},"end":{"line":6,"column":45}},"7":{"start":{"line":8,"column":0},"end":{"line":8,"column":32}},"8":{"start":{"line":9,"column":0},"end":{"line":9,"column":26}},"9":{"start":{"line":10,"column":0},"end":{"line":10,"column":3}},"10":{"start":{"line":11,"column":0},"end":{"line":11,"column":29}},"11":{"start":{"line":12,"column":0},"end":{"line":12,"column":14}},"12":{"start":{"line":13,"column":0},"end":{"line":13,"column":29}},"13":{"start":{"line":14,"column":0},"end":{"line":14,"column":35}},"14":{"start":{"line":15,"column":0},"end":{"line":15,"column":47}},"15":{"start":{"line":16,"column":0},"end":{"line":16,"column":32}},"16":{"start":{"line":17,"column":0},"end":{"line":17,"column":6}},"17":{"start":{"line":18,"column":0},"end":{"line":18,"column":22}},"18":{"start":{"line":19,"column":0},"end":{"line":19,"column":24}},"19":{"start":{"line":20,"column":0},"end":{"line":20,"column":31}},"20":{"start":{"line":21,"column":0},"end":{"line":21,"column":6}},"21":{"start":{"line":22,"column":0},"end":{"line":22,"column":4}},"22":{"start":{"line":23,"column":0},"end":{"line":23,"column":2}}},"s":{"0":0,"1":0,"2":0,"3":0,"4":0,"5":0,"7":0,"8":0,"9":0,"10":0,"11":0,"12":0,"13":0,"14":0,"15":0,"16":0,"17":0,"18":0,"19":0,"20":0,"21":0,"22":0},"branchMap":{"0":{"type":"branch","line":1,"loc":{"start":{"line":1,"column":609},"end":{"line":23,"column":2}},"locations":[{"start":{"line":1,"column":609},"end":{"line":23,"column":2}}]}},"b":{"0":[0]},"fnMap":{"0":{"name":"(empty-report)","decl":{"start":{"line":1,"column":609},"end":{"line":23,"column":2}},"loc":{"start":{"line":1,"column":609},"end":{"line":23,"column":2}},"line":1}},"f":{"0":0}}
,"/Users/privat/Documents/frontend-challenge/frontend-challenge/vite.config.ts": {"path":"/Users/privat/Documents/frontend-challenge/frontend-challenge/vite.config.ts","all":true,"statementMap":{"1":{"start":{"line":2,"column":0},"end":{"line":2,"column":36}},"2":{"start":{"line":3,"column":0},"end":{"line":3,"column":41}},"5":{"start":{"line":6,"column":0},"end":{"line":6,"column":29}},"6":{"start":{"line":7,"column":0},"end":{"line":7,"column":20}},"7":{"start":{"line":8,"column":0},"end":{"line":8,"column":8}},"8":{"start":{"line":9,"column":0},"end":{"line":9,"column":16}},"9":{"start":{"line":10,"column":0},"end":{"line":10,"column":23}},"10":{"start":{"line":11,"column":0},"end":{"line":11,"column":38}},"11":{"start":{"line":12,"column":0},"end":{"line":12,"column":13}},"12":{"start":{"line":13,"column":0},"end":{"line":13,"column":18}},"13":{"start":{"line":14,"column":0},"end":{"line":14,"column":38}},"14":{"start":{"line":15,"column":0},"end":{"line":15,"column":51}},"15":{"start":{"line":16,"column":0},"end":{"line":16,"column":4}},"16":{"start":{"line":17,"column":0},"end":{"line":17,"column":3}},"17":{"start":{"line":18,"column":0},"end":{"line":18,"column":3}}},"s":{"1":0,"2":0,"5":0,"6":0,"7":0,"8":0,"9":0,"10":0,"11":0,"12":0,"13":0,"14":0,"15":0,"16":0,"17":0},"branchMap":{"0":{"type":"branch","line":1,"loc":{"start":{"line":1,"column":417},"end":{"line":18,"column":3}},"locations":[{"start":{"line":1,"column":417},"end":{"line":18,"column":3}}]}},"b":{"0":[1]},"fnMap":{"0":{"name":"(empty-report)","decl":{"start":{"line":1,"column":417},"end":{"line":18,"column":3}},"loc":{"start":{"line":1,"column":417},"end":{"line":18,"column":3}},"line":1}},"f":{"0":1}}
,"/Users/privat/Documents/frontend-challenge/frontend-challenge/src/App.tsx": {"path":"/Users/privat/Documents/frontend-challenge/frontend-challenge/src/App.tsx","all":false,"statementMap":{"0":{"start":{"line":1,"column":0},"end":{"line":1,"column":53}},"2":{"start":{"line":3,"column":0},"end":{"line":3,"column":41}},"3":{"start":{"line":4,"column":0},"end":{"line":4,"column":55}},"4":{"start":{"line":5,"column":0},"end":{"line":5,"column":40}},"6":{"start":{"line":7,"column":0},"end":{"line":7,"column":16}},"7":{"start":{"line":8,"column":0},"end":{"line":8,"column":52}},"8":{"start":{"line":9,"column":0},"end":{"line":9,"column":50}},"9":{"start":{"line":10,"column":0},"end":{"line":10,"column":71}},"10":{"start":{"line":11,"column":0},"end":{"line":11,"column":63}},"12":{"start":{"line":13,"column":0},"end":{"line":13,"column":18}},"13":{"start":{"line":14,"column":0},"end":{"line":14,"column":37}},"14":{"start":{"line":15,"column":0},"end":{"line":15,"column":17}},"15":{"start":{"line":16,"column":0},"end":{"line":16,"column":8}},"17":{"start":{"line":18,"column":0},"end":{"line":18,"column":47}},"18":{"start":{"line":19,"column":0},"end":{"line":19,"column":23}},"20":{"start":{"line":21,"column":0},"end":{"line":21,"column":19}},"21":{"start":{"line":22,"column":0},"end":{"line":22,"column":48}},"22":{"start":{"line":23,"column":0},"end":{"line":23,"column":30}},"23":{"start":{"line":24,"column":0},"end":{"line":24,"column":13}},"24":{"start":{"line":25,"column":0},"end":{"line":25,"column":55}},"25":{"start":{"line":26,"column":0},"end":{"line":26,"column":51}},"26":{"start":{"line":27,"column":0},"end":{"line":27,"column":5}},"27":{"start":{"line":28,"column":0},"end":{"line":28,"column":3}},"29":{"start":{"line":30,"column":0},"end":{"line":30,"column":24}},"30":{"start":{"line":31,"column":0},"end":{"line":31,"column":48}},"31":{"start":{"line":32,"column":0},"end":{"line":32,"column":41}},"32":{"start":{"line":33,"column":0},"end":{"line":33,"column":60}},"33":{"start":{"line":34,"column":0},"end":{"line":34,"column":36}},"34":{"start":{"line":35,"column":0},"end":{"line":35,"column":6}},"35":{"start":{"line":36,"column":0},"end":{"line":36,"column":3}},"37":{"start":{"line":38,"column":0},"end":{"line":38,"column":47}},"38":{"start":{"line":39,"column":0},"end":{"line":39,"column":24}},"39":{"start":{"line":40,"column":0},"end":{"line":40,"column":22}},"40":{"start":{"line":41,"column":0},"end":{"line":41,"column":45}},"41":{"start":{"line":42,"column":0},"end":{"line":42,"column":23}},"42":{"start":{"line":43,"column":0},"end":{"line":43,"column":45}},"43":{"start":{"line":44,"column":0},"end":{"line":44,"column":20}},"44":{"start":{"line":45,"column":0},"end":{"line":45,"column":13}},"45":{"start":{"line":46,"column":0},"end":{"line":46,"column":39}},"46":{"start":{"line":47,"column":0},"end":{"line":47,"column":37}},"48":{"start":{"line":49,"column":0},"end":{"line":49,"column":21}},"49":{"start":{"line":50,"column":0},"end":{"line":50,"column":13}},"50":{"start":{"line":51,"column":0},"end":{"line":51,"column":39}},"51":{"start":{"line":52,"column":0},"end":{"line":52,"column":37}},"53":{"start":{"line":54,"column":0},"end":{"line":54,"column":12}},"54":{"start":{"line":55,"column":0},"end":{"line":55,"column":14}},"55":{"start":{"line":56,"column":0},"end":{"line":56,"column":4}},"56":{"start":{"line":57,"column":0},"end":{"line":57,"column":5}},"58":{"start":{"line":59,"column":0},"end":{"line":59,"column":16}},"59":{"start":{"line":60,"column":0},"end":{"line":60,"column":54}},"61":{"start":{"line":62,"column":0},"end":{"line":62,"column":61}},"62":{"start":{"line":63,"column":0},"end":{"line":63,"column":25}},"63":{"start":{"line":64,"column":0},"end":{"line":64,"column":26}},"64":{"start":{"line":65,"column":0},"end":{"line":65,"column":56}},"65":{"start":{"line":66,"column":0},"end":{"line":66,"column":4}},"66":{"start":{"line":67,"column":0},"end":{"line":67,"column":4}},"67":{"start":{"line":68,"column":0},"end":{"line":68,"column":3}},"69":{"start":{"line":70,"column":0},"end":{"line":70,"column":9}},"70":{"start":{"line":71,"column":0},"end":{"line":71,"column":7}},"71":{"start":{"line":72,"column":0},"end":{"line":72,"column":30}},"72":{"start":{"line":73,"column":0},"end":{"line":73,"column":25}},"73":{"start":{"line":74,"column":0},"end":{"line":74,"column":12}},"75":{"start":{"line":76,"column":0},"end":{"line":76,"column":30}},"76":{"start":{"line":77,"column":0},"end":{"line":77,"column":16}},"77":{"start":{"line":78,"column":0},"end":{"line":78,"column":28}},"78":{"start":{"line":79,"column":0},"end":{"line":79,"column":35}},"79":{"start":{"line":80,"column":0},"end":{"line":80,"column":28}},"80":{"start":{"line":81,"column":0},"end":{"line":81,"column":33}},"81":{"start":{"line":82,"column":0},"end":{"line":82,"column":38}},"82":{"start":{"line":83,"column":0},"end":{"line":83,"column":45}},"83":{"start":{"line":84,"column":0},"end":{"line":84,"column":6}},"84":{"start":{"line":85,"column":0},"end":{"line":85,"column":9}},"86":{"start":{"line":87,"column":0},"end":{"line":87,"column":30}},"87":{"start":{"line":88,"column":0},"end":{"line":88,"column":32}},"88":{"start":{"line":89,"column":0},"end":{"line":89,"column":44}},"89":{"start":{"line":90,"column":0},"end":{"line":90,"column":11}},"90":{"start":{"line":91,"column":0},"end":{"line":91,"column":20}},"91":{"start":{"line":92,"column":0},"end":{"line":92,"column":18}},"92":{"start":{"line":93,"column":0},"end":{"line":93,"column":38}},"93":{"start":{"line":94,"column":0},"end":{"line":94,"column":8}},"94":{"start":{"line":95,"column":0},"end":{"line":95,"column":8}},"95":{"start":{"line":96,"column":0},"end":{"line":96,"column":10}},"97":{"start":{"line":98,"column":0},"end":{"line":98,"column":45}},"98":{"start":{"line":99,"column":0},"end":{"line":99,"column":9}},"99":{"start":{"line":100,"column":0},"end":{"line":100,"column":14}},"100":{"start":{"line":101,"column":0},"end":{"line":101,"column":27}},"101":{"start":{"line":102,"column":0},"end":{"line":102,"column":23}},"102":{"start":{"line":103,"column":0},"end":{"line":103,"column":21}},"103":{"start":{"line":104,"column":0},"end":{"line":104,"column":8}},"104":{"start":{"line":105,"column":0},"end":{"line":105,"column":6}},"106":{"start":{"line":107,"column":0},"end":{"line":107,"column":11}},"108":{"start":{"line":109,"column":0},"end":{"line":109,"column":9}},"109":{"start":{"line":110,"column":0},"end":{"line":110,"column":8}},"111":{"start":{"line":112,"column":0},"end":{"line":112,"column":1}},"113":{"start":{"line":114,"column":0},"end":{"line":114,"column":19}}},"s":{"0":1,"2":1,"3":1,"4":1,"6":94,"7":94,"8":94,"9":94,"10":94,"12":94,"13":18,"14":18,"15":94,"17":94,"18":92,"20":92,"21":50,"22":50,"23":50,"24":150,"25":139,"26":50,"27":50,"29":92,"30":2,"31":2,"32":4,"33":4,"34":2,"35":2,"37":92,"38":60,"39":60,"40":2,"41":60,"42":2,"43":60,"44":2,"45":2,"46":2,"48":60,"49":54,"50":54,"51":54,"53":60,"54":0,"55":60,"56":92,"58":92,"59":94,"61":94,"62":1,"63":1,"64":3,"65":1,"66":1,"67":1,"69":94,"70":94,"71":94,"72":94,"73":94,"75":94,"76":94,"77":94,"78":94,"79":94,"80":94,"81":94,"82":94,"83":94,"84":94,"86":94,"87":94,"88":94,"89":121,"90":121,"91":121,"92":121,"93":121,"94":94,"95":94,"97":94,"98":35,"99":35,"100":35,"101":35,"102":35,"103":35,"104":35,"106":35,"108":94,"109":94,"111":94,"113":1},"branchMap":{"0":{"type":"branch","line":7,"loc":{"start":{"line":7,"column":0},"end":{"line":112,"column":1}},"locations":[{"start":{"line":7,"column":0},"end":{"line":112,"column":1}}]},"1":{"type":"branch","line":98,"loc":{"start":{"line":98,"column":39},"end":{"line":107,"column":11}},"locations":[{"start":{"line":98,"column":39},"end":{"line":107,"column":11}}]},"2":{"type":"branch","line":13,"loc":{"start":{"line":13,"column":11},"end":{"line":16,"column":4}},"locations":[{"start":{"line":13,"column":11},"end":{"line":16,"column":4}}]},"3":{"type":"branch","line":18,"loc":{"start":{"line":18,"column":40},"end":{"line":60,"column":4}},"locations":[{"start":{"line":18,"column":40},"end":{"line":60,"column":4}}]},"4":{"type":"branch","line":21,"loc":{"start":{"line":21,"column":18},"end":{"line":28,"column":3}},"locations":[{"start":{"line":21,"column":18},"end":{"line":28,"column":3}}]},"5":{"type":"branch","line":30,"loc":{"start":{"line":30,"column":23},"end":{"line":36,"column":3}},"locations":[{"start":{"line":30,"column":23},"end":{"line":36,"column":3}}]},"6":{"type":"branch","line":24,"loc":{"start":{"line":24,"column":4},"end":{"line":26,"column":51}},"locations":[{"start":{"line":24,"column":4},"end":{"line":26,"column":51}}]},"7":{"type":"branch","line":25,"loc":{"start":{"line":25,"column":51},"end":{"line":26,"column":51}},"locations":[{"start":{"line":25,"column":51},"end":{"line":26,"column":51}}]},"8":{"type":"branch","line":32,"loc":{"start":{"line":32,"column":30},"end":{"line":35,"column":4}},"locations":[{"start":{"line":32,"column":30},"end":{"line":35,"column":4}}]},"9":{"type":"branch","line":38,"loc":{"start":{"line":38,"column":36},"end":{"line":57,"column":3}},"locations":[{"start":{"line":38,"column":36},"end":{"line":57,"column":3}}]},"10":{"type":"branch","line":40,"loc":{"start":{"line":40,"column":4},"end":{"line":41,"column":45}},"locations":[{"start":{"line":40,"column":4},"end":{"line":41,"column":45}}]},"11":{"type":"branch","line":42,"loc":{"start":{"line":42,"column":4},"end":{"line":43,"column":45}},"locations":[{"start":{"line":42,"column":4},"end":{"line":43,"column":45}}]},"12":{"type":"branch","line":44,"loc":{"start":{"line":44,"column":4},"end":{"line":47,"column":37}},"locations":[{"start":{"line":44,"column":4},"end":{"line":47,"column":37}}]},"13":{"type":"branch","line":49,"loc":{"start":{"line":49,"column":4},"end":{"line":52,"column":37}},"locations":[{"start":{"line":49,"column":4},"end":{"line":52,"column":37}}]},"14":{"type":"branch","line":54,"loc":{"start":{"line":54,"column":4},"end":{"line":55,"column":14}},"locations":[{"start":{"line":54,"column":4},"end":{"line":55,"column":14}}]},"15":{"type":"branch","line":62,"loc":{"start":{"line":62,"column":26},"end":{"line":68,"column":3}},"locations":[{"start":{"line":62,"column":26},"end":{"line":68,"column":3}}]},"16":{"type":"branch","line":63,"loc":{"start":{"line":63,"column":11},"end":{"line":66,"column":4}},"locations":[{"start":{"line":63,"column":11},"end":{"line":66,"column":4}}]},"17":{"type":"branch","line":64,"loc":{"start":{"line":64,"column":17},"end":{"line":65,"column":56}},"locations":[{"start":{"line":64,"column":17},"end":{"line":65,"column":56}}]},"18":{"type":"branch","line":65,"loc":{"start":{"line":65,"column":16},"end":{"line":65,"column":52}},"locations":[{"start":{"line":65,"column":16},"end":{"line":65,"column":52}}]},"19":{"type":"branch","line":65,"loc":{"start":{"line":65,"column":48},"end":{"line":65,"column":56}},"locations":[{"start":{"line":65,"column":48},"end":{"line":65,"column":56}}]},"20":{"type":"branch","line":89,"loc":{"start":{"line":89,"column":33},"end":{"line":94,"column":8}},"locations":[{"start":{"line":89,"column":33},"end":{"line":94,"column":8}}]}},"b":{"0":[94],"1":[35],"2":[18],"3":[92],"4":[50],"5":[2],"6":[150],"7":[139],"8":[4],"9":[60],"10":[2],"11":[2],"12":[2],"13":[54],"14":[0],"15":[1],"16":[1],"17":[3],"18":[1],"19":[2],"20":[121]},"fnMap":{"0":{"name":"App","decl":{"start":{"line":7,"column":0},"end":{"line":112,"column":1}},"loc":{"start":{"line":7,"column":0},"end":{"line":112,"column":1}},"line":7},"1":{"name":"handleLikeToggle","decl":{"start":{"line":62,"column":26},"end":{"line":68,"column":3}},"loc":{"start":{"line":62,"column":26},"end":{"line":68,"column":3}},"line":62}},"f":{"0":94,"1":1}}
,"/Users/privat/Documents/frontend-challenge/frontend-challenge/src/main.tsx": {"path":"/Users/privat/Documents/frontend-challenge/frontend-challenge/src/main.tsx","all":true,"statementMap":{"0":{"start":{"line":1,"column":0},"end":{"line":1,"column":34}},"1":{"start":{"line":2,"column":0},"end":{"line":2,"column":45}},"2":{"start":{"line":3,"column":0},"end":{"line":3,"column":20}},"3":{"start":{"line":4,"column":0},"end":{"line":4,"column":27}},"5":{"start":{"line":6,"column":0},"end":{"line":6,"column":52}},"6":{"start":{"line":7,"column":0},"end":{"line":7,"column":14}},"7":{"start":{"line":8,"column":0},"end":{"line":8,"column":11}},"8":{"start":{"line":9,"column":0},"end":{"line":9,"column":16}},"9":{"start":{"line":10,"column":0},"end":{"line":10,"column":1}}},"s":{"0":0,"1":0,"2":0,"3":0,"5":0,"6":0,"7":0,"8":0,"9":0},"branchMap":{"0":{"type":"branch","line":1,"loc":{"start":{"line":1,"column":203},"end":{"line":10,"column":-148}},"locations":[{"start":{"line":1,"column":203},"end":{"line":10,"column":-148}}]}},"b":{"0":[0]},"fnMap":{"0":{"name":"(empty-report)","decl":{"start":{"line":1,"column":203},"end":{"line":10,"column":-148}},"loc":{"start":{"line":1,"column":203},"end":{"line":10,"column":-148}},"line":1}},"f":{"0":0}}
,"/Users/privat/Documents/frontend-challenge/frontend-challenge/src/types.ts": {"path":"/Users/privat/Documents/frontend-challenge/frontend-challenge/src/types.ts","all":true,"statementMap":{},"s":{},"branchMap":{"0":{"type":"branch","line":1,"loc":{"start":{"line":1,"column":396},"end":{"line":28,"column":15}},"locations":[{"start":{"line":1,"column":396},"end":{"line":28,"column":15}}]}},"b":{"0":[1]},"fnMap":{"0":{"name":"(empty-report)","decl":{"start":{"line":1,"column":396},"end":{"line":28,"column":15}},"loc":{"start":{"line":1,"column":396},"end":{"line":28,"column":15}},"line":1}},"f":{"0":1}}
,"/Users/privat/Documents/frontend-challenge/frontend-challenge/src/vite-env.d.ts": {"path":"/Users/privat/Documents/frontend-challenge/frontend-challenge/src/vite-env.d.ts","all":true,"statementMap":{},"s":{},"branchMap":{"0":{"type":"branch","line":1,"loc":{"start":{"line":1,"column":37},"end":{"line":1,"column":37}},"locations":[{"start":{"line":1,"column":37},"end":{"line":1,"column":37}}]}},"b":{"0":[1]},"fnMap":{"0":{"name":"(empty-report)","decl":{"start":{"line":1,"column":37},"end":{"line":1,"column":37}},"loc":{"start":{"line":1,"column":37},"end":{"line":1,"column":37}},"line":1}},"f":{"0":1}}
,"/Users/privat/Documents/frontend-challenge/frontend-challenge/src/components/Card.tsx": {"path":"/Users/privat/Documents/frontend-challenge/frontend-challenge/src/components/Card.tsx","all":false,"statementMap":{"0":{"start":{"line":1,"column":0},"end":{"line":1,"column":40}},"2":{"start":{"line":3,"column":0},"end":{"line":3,"column":49}},"9":{"start":{"line":10,"column":0},"end":{"line":10,"column":70}},"10":{"start":{"line":11,"column":0},"end":{"line":11,"column":47}},"11":{"start":{"line":12,"column":0},"end":{"line":12,"column":48}},"13":{"start":{"line":14,"column":0},"end":{"line":14,"column":32}},"14":{"start":{"line":15,"column":0},"end":{"line":15,"column":51}},"15":{"start":{"line":16,"column":0},"end":{"line":16,"column":23}},"16":{"start":{"line":17,"column":0},"end":{"line":17,"column":21}},"17":{"start":{"line":18,"column":0},"end":{"line":18,"column":34}},"18":{"start":{"line":19,"column":0},"end":{"line":19,"column":3}},"20":{"start":{"line":21,"column":0},"end":{"line":21,"column":40}},"21":{"start":{"line":22,"column":0},"end":{"line":22,"column":13}},"22":{"start":{"line":23,"column":0},"end":{"line":23,"column":14}},"23":{"start":{"line":24,"column":0},"end":{"line":24,"column":26}},"24":{"start":{"line":25,"column":0},"end":{"line":25,"column":12}},"25":{"start":{"line":26,"column":0},"end":{"line":26,"column":17}},"26":{"start":{"line":27,"column":0},"end":{"line":27,"column":16}},"27":{"start":{"line":28,"column":0},"end":{"line":28,"column":3}},"29":{"start":{"line":30,"column":0},"end":{"line":30,"column":45}},"30":{"start":{"line":31,"column":0},"end":{"line":31,"column":36}},"31":{"start":{"line":32,"column":0},"end":{"line":32,"column":43}},"32":{"start":{"line":33,"column":0},"end":{"line":33,"column":19}},"33":{"start":{"line":34,"column":0},"end":{"line":34,"column":17}},"34":{"start":{"line":35,"column":0},"end":{"line":35,"column":18}},"35":{"start":{"line":36,"column":0},"end":{"line":36,"column":5}},"36":{"start":{"line":37,"column":0},"end":{"line":37,"column":3}},"38":{"start":{"line":39,"column":0},"end":{"line":39,"column":9}},"39":{"start":{"line":40,"column":0},"end":{"line":40,"column":28}},"40":{"start":{"line":41,"column":0},"end":{"line":41,"column":7}},"41":{"start":{"line":42,"column":0},"end":{"line":42,"column":34}},"42":{"start":{"line":43,"column":0},"end":{"line":43,"column":20}},"43":{"start":{"line":44,"column":0},"end":{"line":44,"column":26}},"44":{"start":{"line":45,"column":0},"end":{"line":45,"column":5}},"45":{"start":{"line":46,"column":0},"end":{"line":46,"column":43}},"46":{"start":{"line":47,"column":0},"end":{"line":47,"column":34}},"47":{"start":{"line":48,"column":0},"end":{"line":48,"column":34}},"48":{"start":{"line":49,"column":0},"end":{"line":49,"column":37}},"49":{"start":{"line":50,"column":0},"end":{"line":50,"column":33}},"50":{"start":{"line":51,"column":0},"end":{"line":51,"column":12}},"51":{"start":{"line":52,"column":0},"end":{"line":52,"column":35}},"52":{"start":{"line":53,"column":0},"end":{"line":53,"column":55}},"53":{"start":{"line":54,"column":0},"end":{"line":54,"column":34}},"54":{"start":{"line":55,"column":0},"end":{"line":55,"column":36}},"55":{"start":{"line":56,"column":0},"end":{"line":56,"column":13}},"56":{"start":{"line":57,"column":0},"end":{"line":57,"column":12}},"57":{"start":{"line":58,"column":0},"end":{"line":58,"column":11}},"59":{"start":{"line":60,"column":0},"end":{"line":60,"column":49}},"60":{"start":{"line":61,"column":0},"end":{"line":61,"column":10}},"62":{"start":{"line":63,"column":0},"end":{"line":63,"column":33}},"63":{"start":{"line":64,"column":0},"end":{"line":64,"column":12}},"64":{"start":{"line":65,"column":0},"end":{"line":65,"column":58}},"65":{"start":{"line":66,"column":0},"end":{"line":66,"column":31}},"66":{"start":{"line":67,"column":0},"end":{"line":67,"column":46}},"67":{"start":{"line":68,"column":0},"end":{"line":68,"column":6}},"69":{"start":{"line":70,"column":0},"end":{"line":70,"column":14}},"70":{"start":{"line":71,"column":0},"end":{"line":71,"column":38}},"71":{"start":{"line":72,"column":0},"end":{"line":72,"column":10}},"72":{"start":{"line":73,"column":0},"end":{"line":73,"column":22}},"73":{"start":{"line":74,"column":0},"end":{"line":74,"column":18}},"74":{"start":{"line":75,"column":0},"end":{"line":75,"column":28}},"75":{"start":{"line":76,"column":0},"end":{"line":76,"column":8}},"76":{"start":{"line":77,"column":0},"end":{"line":77,"column":50}},"77":{"start":{"line":78,"column":0},"end":{"line":78,"column":11}},"78":{"start":{"line":79,"column":0},"end":{"line":79,"column":10}},"79":{"start":{"line":80,"column":0},"end":{"line":80,"column":9}},"80":{"start":{"line":81,"column":0},"end":{"line":81,"column":12}},"82":{"start":{"line":83,"column":0},"end":{"line":83,"column":2}}},"s":{"0":1,"2":1,"9":1,"10":134,"11":134,"13":134,"14":6,"15":6,"16":6,"17":6,"18":6,"20":134,"21":134,"22":134,"23":134,"24":134,"25":134,"26":134,"27":134,"29":134,"30":134,"31":134,"32":134,"33":134,"34":134,"35":134,"36":134,"38":134,"39":134,"40":134,"41":134,"42":134,"43":134,"44":134,"45":134,"46":134,"47":134,"48":134,"49":134,"50":134,"51":134,"52":134,"53":134,"54":134,"55":134,"56":134,"57":134,"59":134,"60":134,"62":134,"63":134,"64":134,"65":134,"66":134,"67":134,"69":134,"70":134,"71":134,"72":134,"73":134,"74":134,"75":134,"76":134,"77":134,"78":134,"79":134,"80":134,"82":134},"branchMap":{"0":{"type":"branch","line":10,"loc":{"start":{"line":10,"column":41},"end":{"line":83,"column":2}},"locations":[{"start":{"line":10,"column":41},"end":{"line":83,"column":2}}]},"1":{"type":"branch","line":65,"loc":{"start":{"line":65,"column":32},"end":{"line":65,"column":53}},"locations":[{"start":{"line":65,"column":32},"end":{"line":65,"column":53}}]},"2":{"type":"branch","line":65,"loc":{"start":{"line":65,"column":42},"end":{"line":65,"column":55}},"locations":[{"start":{"line":65,"column":42},"end":{"line":65,"column":55}}]},"3":{"type":"branch","line":67,"loc":{"start":{"line":67,"column":18},"end":{"line":67,"column":39}},"locations":[{"start":{"line":67,"column":18},"end":{"line":67,"column":39}}]},"4":{"type":"branch","line":67,"loc":{"start":{"line":67,"column":28},"end":{"line":67,"column":46}},"locations":[{"start":{"line":67,"column":28},"end":{"line":67,"column":46}}]},"5":{"type":"branch","line":14,"loc":{"start":{"line":14,"column":25},"end":{"line":19,"column":3}},"locations":[{"start":{"line":14,"column":25},"end":{"line":19,"column":3}}]},"6":{"type":"branch","line":15,"loc":{"start":{"line":15,"column":19},"end":{"line":15,"column":41}},"locations":[{"start":{"line":15,"column":19},"end":{"line":15,"column":41}}]},"7":{"type":"branch","line":15,"loc":{"start":{"line":15,"column":37},"end":{"line":15,"column":51}},"locations":[{"start":{"line":15,"column":37},"end":{"line":15,"column":51}}]},"8":{"type":"branch","line":21,"loc":{"start":{"line":21,"column":21},"end":{"line":28,"column":3}},"locations":[{"start":{"line":21,"column":21},"end":{"line":28,"column":3}}]},"9":{"type":"branch","line":24,"loc":{"start":{"line":24,"column":8},"end":{"line":24,"column":25}},"locations":[{"start":{"line":24,"column":8},"end":{"line":24,"column":25}}]},"10":{"type":"branch","line":30,"loc":{"start":{"line":30,"column":20},"end":{"line":37,"column":3}},"locations":[{"start":{"line":30,"column":20},"end":{"line":37,"column":3}}]}},"b":{"0":[134],"1":[4],"2":[130],"3":[4],"4":[130],"5":[6],"6":[2],"7":[4],"8":[134],"9":[268],"10":[134]},"fnMap":{"0":{"name":"Card","decl":{"start":{"line":10,"column":41},"end":{"line":83,"column":2}},"loc":{"start":{"line":10,"column":41},"end":{"line":83,"column":2}},"line":10},"1":{"name":"handleLikeClick","decl":{"start":{"line":14,"column":25},"end":{"line":19,"column":3}},"loc":{"start":{"line":14,"column":25},"end":{"line":19,"column":3}},"line":14},"2":{"name":"getInitials","decl":{"start":{"line":21,"column":21},"end":{"line":28,"column":3}},"loc":{"start":{"line":21,"column":21},"end":{"line":28,"column":3}},"line":21},"3":{"name":"formatDate","decl":{"start":{"line":30,"column":20},"end":{"line":37,"column":3}},"loc":{"start":{"line":30,"column":20},"end":{"line":37,"column":3}},"line":30}},"f":{"0":134,"1":6,"2":134,"3":134}}
,"/Users/privat/Documents/frontend-challenge/frontend-challenge/src/components/FunctionBar.tsx": {"path":"/Users/privat/Documents/frontend-challenge/frontend-challenge/src/components/FunctionBar.tsx","all":false,"statementMap":{"0":{"start":{"line":1,"column":0},"end":{"line":1,"column":26}},"2":{"start":{"line":3,"column":0},"end":{"line":3,"column":51}},"13":{"start":{"line":14,"column":0},"end":{"line":14,"column":57}},"14":{"start":{"line":15,"column":0},"end":{"line":15,"column":12}},"15":{"start":{"line":16,"column":0},"end":{"line":16,"column":16}},"16":{"start":{"line":17,"column":0},"end":{"line":17,"column":12}},"17":{"start":{"line":18,"column":0},"end":{"line":18,"column":14}},"18":{"start":{"line":19,"column":0},"end":{"line":19,"column":17}},"19":{"start":{"line":20,"column":0},"end":{"line":20,"column":21}},"20":{"start":{"line":21,"column":0},"end":{"line":21,"column":7}},"21":{"start":{"line":22,"column":0},"end":{"line":22,"column":9}},"22":{"start":{"line":23,"column":0},"end":{"line":23,"column":32}},"23":{"start":{"line":24,"column":0},"end":{"line":24,"column":37}},"24":{"start":{"line":25,"column":0},"end":{"line":25,"column":65}},"25":{"start":{"line":26,"column":0},"end":{"line":26,"column":10}},"26":{"start":{"line":27,"column":0},"end":{"line":27,"column":16}},"27":{"start":{"line":28,"column":0},"end":{"line":28,"column":29}},"28":{"start":{"line":29,"column":0},"end":{"line":29,"column":18}},"29":{"start":{"line":30,"column":0},"end":{"line":30,"column":53}},"30":{"start":{"line":31,"column":0},"end":{"line":31,"column":23}},"31":{"start":{"line":32,"column":0},"end":{"line":32,"column":53}},"32":{"start":{"line":33,"column":0},"end":{"line":33,"column":6}},"33":{"start":{"line":34,"column":0},"end":{"line":34,"column":9}},"35":{"start":{"line":36,"column":0},"end":{"line":36,"column":10}},"36":{"start":{"line":37,"column":0},"end":{"line":37,"column":27}},"37":{"start":{"line":38,"column":0},"end":{"line":38,"column":15}},"38":{"start":{"line":39,"column":0},"end":{"line":39,"column":22}},"39":{"start":{"line":40,"column":0},"end":{"line":40,"column":64}},"41":{"start":{"line":42,"column":0},"end":{"line":42,"column":51}},"42":{"start":{"line":43,"column":0},"end":{"line":43,"column":52}},"43":{"start":{"line":44,"column":0},"end":{"line":44,"column":60}},"44":{"start":{"line":45,"column":0},"end":{"line":45,"column":61}},"45":{"start":{"line":46,"column":0},"end":{"line":46,"column":12}},"47":{"start":{"line":48,"column":0},"end":{"line":48,"column":38}},"48":{"start":{"line":49,"column":0},"end":{"line":49,"column":10}},"49":{"start":{"line":50,"column":0},"end":{"line":50,"column":20}},"50":{"start":{"line":51,"column":0},"end":{"line":51,"column":27}},"51":{"start":{"line":52,"column":0},"end":{"line":52,"column":30}},"52":{"start":{"line":53,"column":0},"end":{"line":53,"column":60}},"53":{"start":{"line":54,"column":0},"end":{"line":54,"column":6}},"54":{"start":{"line":55,"column":0},"end":{"line":55,"column":35}},"55":{"start":{"line":56,"column":0},"end":{"line":56,"column":11}},"56":{"start":{"line":57,"column":0},"end":{"line":57,"column":8}},"58":{"start":{"line":59,"column":0},"end":{"line":59,"column":2}}},"s":{"0":1,"2":1,"13":1,"14":108,"15":108,"16":108,"17":108,"18":108,"19":108,"20":108,"21":108,"22":108,"23":108,"24":108,"25":108,"26":108,"27":108,"28":108,"29":108,"30":108,"31":108,"32":108,"33":108,"35":108,"36":108,"37":108,"38":108,"39":108,"41":108,"42":108,"43":108,"44":108,"45":108,"47":108,"48":108,"49":108,"50":108,"51":108,"52":108,"53":108,"54":108,"55":108,"56":108,"58":108},"branchMap":{"0":{"type":"branch","line":14,"loc":{"start":{"line":14,"column":55},"end":{"line":59,"column":2}},"locations":[{"start":{"line":14,"column":55},"end":{"line":59,"column":2}}]},"1":{"type":"branch","line":32,"loc":{"start":{"line":32,"column":15},"end":{"line":32,"column":53}},"locations":[{"start":{"line":32,"column":15},"end":{"line":32,"column":53}}]},"2":{"type":"branch","line":40,"loc":{"start":{"line":40,"column":14},"end":{"line":40,"column":64}},"locations":[{"start":{"line":40,"column":14},"end":{"line":40,"column":64}}]},"3":{"type":"branch","line":53,"loc":{"start":{"line":53,"column":15},"end":{"line":53,"column":60}},"locations":[{"start":{"line":53,"column":15},"end":{"line":53,"column":60}}]}},"b":{"0":[108],"1":[51],"2":[7],"3":[3]},"fnMap":{"0":{"name":"FunctionBar","decl":{"start":{"line":14,"column":55},"end":{"line":59,"column":2}},"loc":{"start":{"line":14,"column":55},"end":{"line":59,"column":2}},"line":14},"1":{"name":"onChange","decl":{"start":{"line":32,"column":15},"end":{"line":32,"column":53}},"loc":{"start":{"line":32,"column":15},"end":{"line":32,"column":53}},"line":32},"2":{"name":"onChange","decl":{"start":{"line":40,"column":14},"end":{"line":40,"column":64}},"loc":{"start":{"line":40,"column":14},"end":{"line":40,"column":64}},"line":40},"3":{"name":"onChange","decl":{"start":{"line":53,"column":15},"end":{"line":53,"column":60}},"loc":{"start":{"line":53,"column":15},"end":{"line":53,"column":60}},"line":53}},"f":{"0":108,"1":51,"2":7,"3":3}}
}
